<?xml version="1.0" encoding="UTF-8"?>
<!-- Generated by org.testng.reporters.JUnitXMLReporter -->
<testsuite ignored="0" hostname="DESKTOP-QNHJ5Q7" failures="0" tests="1" name="EdgeTest" time="2.887" errors="0" timestamp="2022-07-07T13:42:34 PDT">
  <testcase classname="crossBrowserTesting.HRLLoginagain" name="@BeforeTest setUp" time="2.871">
    <failure type="java.lang.NullPointerException" message="Cannot invoke &amp;quot;java.util.Properties.getProperty(String)&amp;quot; because &amp;quot;crossBrowserTesting.ReadConfig.props&amp;quot; is null">
      <![CDATA[java.lang.NullPointerException: Cannot invoke "java.util.Properties.getProperty(String)" because "crossBrowserTesting.ReadConfig.props" is null
at crossBrowserTesting.ReadConfig.readUrl(ReadConfig.java:20)
at crossBrowserTesting.HRLLoginagain.setUp(HRLLoginagain.java:32)
at java.base/java.util.concurrent.FutureTask.run(FutureTask.java:264)
at java.base/java.util.concurrent.ThreadPoolExecutor.runWorker(ThreadPoolExecutor.java:1136)
at java.base/java.util.concurrent.ThreadPoolExecutor$Worker.run(ThreadPoolExecutor.java:635)
at java.base/java.lang.Thread.run(Thread.java:833)
... Removed 15 stack frames]]>
    </failure>
  </testcase> <!-- @BeforeTest setUp -->
  <testcase classname="crossBrowserTesting.HRLLoginagain" name="@AfterTest close" time="-1.657226554017E9">
    <skipped/>
  </testcase> <!-- @AfterTest close -->
  <testcase classname="crossBrowserTesting.HRLLoginagain" name="login" time="0.0">
    <skipped/>
  </testcase> <!-- login -->
</testsuite> <!-- EdgeTest -->
