<?xml version="1.0" encoding="UTF-8"?>
<!-- Generated by org.testng.reporters.JUnitXMLReporter -->
<testsuite ignored="0" hostname="DESKTOP-QNHJ5Q7" failures="0" tests="1" name="MAC_edge_Test" time="0.656" errors="0" timestamp="2022-07-14T22:56:48 PDT">
  <testcase classname="nodeexecution.Baseclass" name="@BeforeTest launchApp" time="0.588">
    <failure type="java.net.MalformedURLException" message="no protocol: http//10.0.0.13:5588/wd/hub">
      <![CDATA[java.net.MalformedURLException: no protocol: http//10.0.0.13:5588/wd/hub
at java.base/java.net.URL.<init>(URL.java:674)
at java.base/java.net.URL.<init>(URL.java:569)
at java.base/java.net.URL.<init>(URL.java:516)
at nodeexecution.Baseclass.launchApp(Baseclass.java:56)
at java.base/java.util.concurrent.FutureTask.run(FutureTask.java:264)
at java.base/java.util.concurrent.ThreadPoolExecutor.runWorker(ThreadPoolExecutor.java:1136)
at java.base/java.util.concurrent.ThreadPoolExecutor$Worker.run(ThreadPoolExecutor.java:635)
at java.base/java.lang.Thread.run(Thread.java:833)
... Removed 15 stack frames]]>
    </failure>
  </testcase> <!-- @BeforeTest launchApp -->
  <testcase classname="nodeexecution.Baseclass" name="@AfterTest close" time="-1.657864607975E9">
    <skipped/>
  </testcase> <!-- @AfterTest close -->
  <testcase classname="nodeexecution.HRMlogintest" name="login" time="0.0">
    <skipped/>
  </testcase> <!-- login -->
</testsuite> <!-- MAC_edge_Test -->
